<?xml version="1.0" encoding="UTF-8"?>
<!-- Generated by org.testng.reporters.JUnitReportReporter -->
<testsuite hostname="LAPTOP-7EPIG7D5" failures="0" tests="1" name="GrowTestClasses.LOGIN" time="0.946" errors="0" timestamp="2022-11-17T22:17:54 IST" skipped="0">
  <testcase classname="GrowTestClasses.LOGIN" name="LoginPage" time="0.946"/>
  <system-out/>
</testsuite> <!-- GrowTestClasses.LOGIN -->
